<!DOCTYPE html PUBLIC "-//W3C//DTD XHTML 1.1//EN" "https://www.w3.org/TR/xhtml11/DTD/xhtml11.dtd">
<html xmlns="https://www.w3.org/1999/xhtml">
<head>
<meta http-equiv="content-type" content="text/html; charset=UTF-8"/>
<title>TestNG Report</title>
<style type="text/css">table {margin-bottom:10px;border-collapse:collapse;empty-cells:show}th,td {border:1px solid #009;padding:.25em .5em}th {vertical-align:bottom}td {vertical-align:top}table a {font-weight:bold}.stripe td {background-color: #E6EBF9}.num {text-align:right}.passedodd td {background-color: #3F3}.passedeven td {background-color: #0A0}.skippedodd td {background-color: #DDD}.skippedeven td {background-color: #CCC}.failedodd td,.attn {background-color: #F33}.failedeven td,.stripe .attn {background-color: #D00}.stacktrace {white-space:pre;font-family:monospace}.totop {font-size:85%;text-align:center;border-bottom:2px solid #000}.invisible {display:none}</style>
</head>
<body>
<table>
<tr><th>Test</th><th># Passed</th><th># Skipped</th><th># Retried</th><th># Failed</th><th>Time (ms)</th><th>Included Groups</th><th>Excluded Groups</th></tr>
<tr><th colspan="8">test_automation</th></tr>
<tr><td><a href="#t0">selenium_grid</a></td><td class="num">0</td><td class="num attn">2</td><td class="num">0</td><td class="num">0</td><td class="num">2,708</td><td></td><td></td></tr>
</table>
<table id='summary'><thead><tr><th>Class</th><th>Method</th><th>Start</th><th>Time (ms)</th></tr></thead><tbody><tr><th colspan="4">test_automation</th></tr></tbody><tbody id="t0"><tr><th colspan="4">selenium_grid &#8212; failed (configuration methods)</th></tr><tr class="failedeven"><td rowspan="1">automation_test.mortgage_calculator.CalculateMonthlyPayment</td><td><a href="#m0">browserInitializations</a></td><td rowspan="1">1629586097069</td><td rowspan="1">1071</td></tr><tr class="failedodd"><td rowspan="1">automation_test.mortgage_calculator.CalculateRates</td><td><a href="#m1">browserInitialization</a></td><td rowspan="1">1629586095463</td><td rowspan="1">1467</td></tr><tr><th colspan="4">selenium_grid &#8212; skipped (configuration methods)</th></tr><tr class="skippedeven"><td rowspan="1">automation_test.mortgage_calculator.CalculateMonthlyPayment</td><td><a href="#m2">testCleanUp</a></td><td rowspan="1">1629586098151</td><td rowspan="1">-1629586098151</td></tr><tr class="skippedodd"><td rowspan="1">automation_test.mortgage_calculator.CalculateRates</td><td><a href="#m3">testCleanUp</a></td><td rowspan="1">1629586097063</td><td rowspan="1">-1629586097063</td></tr><tr><th colspan="4">selenium_grid &#8212; skipped</th></tr><tr class="skippedeven"><td rowspan="1">automation_test.mortgage_calculator.CalculateMonthlyPayment</td><td><a href="#m4">calculateMonthlyPayment</a></td><td rowspan="1">1629586098146</td><td rowspan="1">0</td></tr><tr class="skippedodd"><td rowspan="1">automation_test.mortgage_calculator.CalculateRates</td><td><a href="#m5">calculateRealApr</a></td><td rowspan="1">1629586097054</td><td rowspan="1">0</td></tr></tbody>
</table>
<h2>selenium_grid</h2><h3 id="m0">automation_test.mortgage_calculator.CalculateMonthlyPayment#browserInitializations</h3><table class="result"><tr><th>Exception</th></tr><tr><td><div class="stacktrace">java.lang.NullPointerException: null value in entry: url=null
	at com.google.common.collect.CollectPreconditions.checkEntryNotNull(CollectPreconditions.java:32)
	at com.google.common.collect.SingletonImmutableBiMap.&lt;init&gt;(SingletonImmutableBiMap.java:42)
	at com.google.common.collect.ImmutableBiMap.of(ImmutableBiMap.java:72)
	at com.google.common.collect.ImmutableMap.of(ImmutableMap.java:124)
	at org.openqa.selenium.remote.RemoteWebDriver.get(RemoteWebDriver.java:277)
	at command_providers.BrowserActions.openBrowser(BrowserActions.java:16)
	at automation_test.mortgage_calculator.CalculateMonthlyPayment.browserInitializations(CalculateMonthlyPayment.java:29)
	at java.base/java.util.ArrayList.forEach(ArrayList.java:1541)
... Removed 35 stack frames</div></td></tr></table><p class="totop"><a href="#summary">back to summary</a></p>
<h3 id="m1">automation_test.mortgage_calculator.CalculateRates#browserInitialization</h3><table class="result"><tr><th>Exception</th></tr><tr><td><div class="stacktrace">java.lang.NullPointerException: null value in entry: url=null
	at com.google.common.collect.CollectPreconditions.checkEntryNotNull(CollectPreconditions.java:32)
	at com.google.common.collect.SingletonImmutableBiMap.&lt;init&gt;(SingletonImmutableBiMap.java:42)
	at com.google.common.collect.ImmutableBiMap.of(ImmutableBiMap.java:72)
	at com.google.common.collect.ImmutableMap.of(ImmutableMap.java:124)
	at org.openqa.selenium.remote.RemoteWebDriver.get(RemoteWebDriver.java:277)
	at command_providers.BrowserActions.openBrowser(BrowserActions.java:16)
	at automation_test.mortgage_calculator.CalculateRates.browserInitialization(CalculateRates.java:25)
	at java.base/java.util.ArrayList.forEach(ArrayList.java:1541)
... Removed 35 stack frames</div></td></tr></table><p class="totop"><a href="#summary">back to summary</a></p>
<h3 id="m2">automation_test.mortgage_calculator.CalculateMonthlyPayment#testCleanUp</h3><table class="result"><tr><th class="invisible"/></tr></table><p class="totop"><a href="#summary">back to summary</a></p>
<h3 id="m3">automation_test.mortgage_calculator.CalculateRates#testCleanUp</h3><table class="result"><tr><th class="invisible"/></tr></table><p class="totop"><a href="#summary">back to summary</a></p>
<h3 id="m4">automation_test.mortgage_calculator.CalculateMonthlyPayment#calculateMonthlyPayment</h3><table class="result"><tr><th>Exception</th></tr><tr><td><div class="stacktrace">java.lang.NullPointerException: null value in entry: url=null
	at com.google.common.collect.CollectPreconditions.checkEntryNotNull(CollectPreconditions.java:32)
	at com.google.common.collect.SingletonImmutableBiMap.&lt;init&gt;(SingletonImmutableBiMap.java:42)
	at com.google.common.collect.ImmutableBiMap.of(ImmutableBiMap.java:72)
	at com.google.common.collect.ImmutableMap.of(ImmutableMap.java:124)
	at org.openqa.selenium.remote.RemoteWebDriver.get(RemoteWebDriver.java:277)
	at command_providers.BrowserActions.openBrowser(BrowserActions.java:16)
	at automation_test.mortgage_calculator.CalculateMonthlyPayment.browserInitializations(CalculateMonthlyPayment.java:29)
	at java.base/java.util.ArrayList.forEach(ArrayList.java:1541)
... Removed 35 stack frames</div></td></tr></table><p class="totop"><a href="#summary">back to summary</a></p>
<h3 id="m5">automation_test.mortgage_calculator.CalculateRates#calculateRealApr</h3><table class="result"><tr><th>Exception</th></tr><tr><td><div class="stacktrace">java.lang.NullPointerException: null value in entry: url=null
	at com.google.common.collect.CollectPreconditions.checkEntryNotNull(CollectPreconditions.java:32)
	at com.google.common.collect.SingletonImmutableBiMap.&lt;init&gt;(SingletonImmutableBiMap.java:42)
	at com.google.common.collect.ImmutableBiMap.of(ImmutableBiMap.java:72)
	at com.google.common.collect.ImmutableMap.of(ImmutableMap.java:124)
	at org.openqa.selenium.remote.RemoteWebDriver.get(RemoteWebDriver.java:277)
	at command_providers.BrowserActions.openBrowser(BrowserActions.java:16)
	at automation_test.mortgage_calculator.CalculateRates.browserInitialization(CalculateRates.java:25)
	at java.base/java.util.ArrayList.forEach(ArrayList.java:1541)
... Removed 35 stack frames</div></td></tr></table><p class="totop"><a href="#summary">back to summary</a></p>
</body>
</html>
